"../../../Engine/Content/VREditor/TransformGizmo/Main.uasset" 0
"../../../Engine/Content/VREditor/TransformGizmo/Main.uexp" 1
"../../../Engine/Content/VREditor/TransformGizmo/Xray.uasset" 2
"../../../Engine/Content/VREditor/TransformGizmo/Xray.uexp" 3
"../../../Engine/Content/VREditor/TransformGizmo/SM_Sequencer_Node.ubulk" 4
"../../../Engine/Content/VREditor/TransformGizmo/SM_Sequencer_Node.uasset" 5
"../../../Engine/Content/VREditor/TransformGizmo/SM_Sequencer_Node.uexp" 6
"../../../Engine/Content/VREditor/LaserPointer/VR_LaserPower_01.ubulk" 7
"../../../Engine/Content/VREditor/LaserPointer/VR_LaserPower_01.uasset" 8
"../../../Engine/Content/VREditor/LaserPointer/VR_LaserPower_01.uexp" 9
"../../../Engine/Content/VREditor/TransformGizmo/TransformGizmoMaterial.uasset" 10
"../../../Engine/Content/VREditor/TransformGizmo/TransformGizmoMaterial.uexp" 11
"../../../Engine/Content/VREditor/TransformGizmo/TranslucentTransformGizmoMaterial.uasset" 12
"../../../Engine/Content/VREditor/TransformGizmo/TranslucentTransformGizmoMaterial.uexp" 13
"../../../Engine/Content/VREditor/TransformGizmo/PlaneTranslationHandle.ubulk" 14
"../../../Engine/Content/VREditor/TransformGizmo/PlaneTranslationHandle.uasset" 15
"../../../Engine/Content/VREditor/TransformGizmo/PlaneTranslationHandle.uexp" 16
"../../../Engine/Content/VREditor/TransformGizmo/BoundingBoxEdge.ubulk" 17
"../../../Engine/Content/VREditor/TransformGizmo/BoundingBoxEdge.uasset" 18
"../../../Engine/Content/VREditor/TransformGizmo/BoundingBoxEdge.uexp" 19
"../../../Engine/Content/VREditor/TransformGizmo/BoundingBoxCorner.ubulk" 20
"../../../Engine/Content/VREditor/TransformGizmo/BoundingBoxCorner.uasset" 21
"../../../Engine/Content/VREditor/TransformGizmo/BoundingBoxCorner.uexp" 22
"../../../Engine/Content/Tutorial/ContentIntroCurve.uasset" 23
"../../../Engine/Content/Tutorial/ContentIntroCurve.uexp" 24
"../../../Engine/Plugins/2D/Paper2D/Content/PlaceholderTextures/DummySpriteTexture.ubulk" 25
"../../../Engine/Plugins/2D/Paper2D/Content/PlaceholderTextures/DummySpriteTexture.uasset" 26
"../../../Engine/Plugins/2D/Paper2D/Content/PlaceholderTextures/DummySpriteTexture.uexp" 27
"../../../Engine/Plugins/2D/Paper2D/Content/DefaultSpriteMaterial.uasset" 28
"../../../Engine/Plugins/2D/Paper2D/Content/DefaultSpriteMaterial.uexp" 29
"../../../Engine/Plugins/2D/Paper2D/Content/OpaqueUnlitSpriteMaterial.uasset" 30
"../../../Engine/Plugins/2D/Paper2D/Content/OpaqueUnlitSpriteMaterial.uexp" 31
"../../../Engine/Plugins/2D/Paper2D/Content/MaskedUnlitSpriteMaterial.uasset" 32
"../../../Engine/Plugins/2D/Paper2D/Content/MaskedUnlitSpriteMaterial.uexp" 33
"../../../Engine/Plugins/2D/Paper2D/Content/DummySprite.uasset" 34
"../../../Engine/Plugins/2D/Paper2D/Content/DummySprite.uexp" 35
"../../../Engine/Plugins/2D/Paper2D/Content/DefaultPaperTerrainMaterial.uasset" 36
"../../../Engine/Plugins/2D/Paper2D/Content/DefaultPaperTerrainMaterial.uexp" 37
"../../../Engine/Content/MobileResources/HUD/VirtualJoystick_Background.uasset" 38
"../../../Engine/Content/MobileResources/HUD/VirtualJoystick_Background.uexp" 39
"../../../Engine/Content/MobileResources/HUD/VirtualJoystick_Thumb.uasset" 40
"../../../Engine/Content/MobileResources/HUD/VirtualJoystick_Thumb.uexp" 41
"../../../Engine/Content/MobileResources/HUD/DefaultVirtualJoysticks.uasset" 42
"../../../Engine/Content/MobileResources/HUD/DefaultVirtualJoysticks.uexp" 43
"../../../Engine/Content/Functions/Engine_MaterialFunctions02/WorldPositionOffset/CameraOffset.uasset" 44
"../../../Engine/Content/Functions/Engine_MaterialFunctions02/WorldPositionOffset/CameraOffset.uexp" 45
"../../../Engine/Plugins/Animation/ControlRig/Content/M_Manip.uasset" 46
"../../../Engine/Plugins/Animation/ControlRig/Content/M_Manip.uexp" 47
"../../../Engine/Plugins/Animation/ControlRig/Content/Controls/DefaultGizmoLibraryNormalized.uasset" 48
"../../../Engine/Plugins/Animation/ControlRig/Content/Controls/DefaultGizmoLibraryNormalized.uexp" 49
"../../../Engine/Content/EngineMaterials/T_Default_Material_Grid_M.ubulk" 50
"../../../Engine/Content/EngineMaterials/T_Default_Material_Grid_M.uasset" 51
"../../../Engine/Content/EngineMaterials/T_Default_Material_Grid_M.uexp" 52
"../../../Engine/Content/EngineMaterials/T_Default_Material_Grid_N.ubulk" 53
"../../../Engine/Content/EngineMaterials/T_Default_Material_Grid_N.uasset" 54
"../../../Engine/Content/EngineMaterials/T_Default_Material_Grid_N.uexp" 55
"../../../Engine/Content/Functions/Engine_MaterialFunctions01/Opacity/CameraDepthFade.uasset" 56
"../../../Engine/Content/Functions/Engine_MaterialFunctions01/Opacity/CameraDepthFade.uexp" 57
"../../../Engine/Content/EngineMaterials/WorldGridMaterial.uasset" 58
"../../../Engine/Content/EngineMaterials/WorldGridMaterial.uexp" 59
"../../../Engine/Plugins/Animation/ControlRig/Content/Controls/ControlRig_Wedge_solid.ubulk" 60
"../../../Engine/Plugins/Animation/ControlRig/Content/Controls/ControlRig_Wedge_solid.uasset" 61
"../../../Engine/Plugins/Animation/ControlRig/Content/Controls/ControlRig_Wedge_solid.uexp" 62
"../../../Engine/Plugins/Animation/ControlRig/Content/Controls/ControlRig_Wedge_3mm.ubulk" 63
"../../../Engine/Plugins/Animation/ControlRig/Content/Controls/ControlRig_Wedge_3mm.uasset" 64
"../../../Engine/Plugins/Animation/ControlRig/Content/Controls/ControlRig_Wedge_3mm.uexp" 65
"../../../Engine/Plugins/Animation/ControlRig/Content/Controls/ControlRig_Wedge_1mm.ubulk" 66
"../../../Engine/Plugins/Animation/ControlRig/Content/Controls/ControlRig_Wedge_1mm.uasset" 67
"../../../Engine/Plugins/Animation/ControlRig/Content/Controls/ControlRig_Wedge_1mm.uexp" 68
"../../../Engine/Plugins/Animation/ControlRig/Content/Controls/ControlRig_Triangle_solid.ubulk" 69
"../../../Engine/Plugins/Animation/ControlRig/Content/Controls/ControlRig_Triangle_solid.uasset" 70
"../../../Engine/Plugins/Animation/ControlRig/Content/Controls/ControlRig_Triangle_solid.uexp" 71
"../../../Engine/Plugins/Animation/ControlRig/Content/Controls/ControlRig_Triangle_3mm.ubulk" 72
"../../../Engine/Plugins/Animation/ControlRig/Content/Controls/ControlRig_Triangle_3mm.uasset" 73
"../../../Engine/Plugins/Animation/ControlRig/Content/Controls/ControlRig_Triangle_3mm.uexp" 74
"../../../Engine/Plugins/Animation/ControlRig/Content/Controls/ControlRig_Triangle_1mm.ubulk" 75
"../../../Engine/Plugins/Animation/ControlRig/Content/Controls/ControlRig_Triangle_1mm.uasset" 76
"../../../Engine/Plugins/Animation/ControlRig/Content/Controls/ControlRig_Triangle_1mm.uexp" 77
"../../../Engine/Plugins/Animation/ControlRig/Content/Controls/ControlRig_Star4_solid.ubulk" 78
"../../../Engine/Plugins/Animation/ControlRig/Content/Controls/ControlRig_Star4_solid.uasset" 79
"../../../Engine/Plugins/Animation/ControlRig/Content/Controls/ControlRig_Star4_solid.uexp" 80
"../../../Engine/Plugins/Animation/ControlRig/Content/Controls/ControlRig_Star4_3mm.ubulk" 81
"../../../Engine/Plugins/Animation/ControlRig/Content/Controls/ControlRig_Star4_3mm.uasset" 82
"../../../Engine/Plugins/Animation/ControlRig/Content/Controls/ControlRig_Star4_3mm.uexp" 83
"../../../Engine/Plugins/Animation/ControlRig/Content/Controls/ControlRig_Star4_1mm.ubulk" 84
"../../../Engine/Plugins/Animation/ControlRig/Content/Controls/ControlRig_Star4_1mm.uasset" 85
"../../../Engine/Plugins/Animation/ControlRig/Content/Controls/ControlRig_Star4_1mm.uexp" 86
"../../../Engine/Plugins/Animation/ControlRig/Content/Controls/ControlRig_Square_solid.ubulk" 87
"../../../Engine/Plugins/Animation/ControlRig/Content/Controls/ControlRig_Square_solid.uasset" 88
"../../../Engine/Plugins/Animation/ControlRig/Content/Controls/ControlRig_Square_solid.uexp" 89
"../../../Engine/Plugins/Animation/ControlRig/Content/Controls/ControlRig_Square_3mm.ubulk" 90
"../../../Engine/Plugins/Animation/ControlRig/Content/Controls/ControlRig_Square_3mm.uasset" 91
"../../../Engine/Plugins/Animation/ControlRig/Content/Controls/ControlRig_Square_3mm.uexp" 92
"../../../Engine/Plugins/Animation/ControlRig/Content/Controls/ControlRig_Square_1mm.ubulk" 93
"../../../Engine/Plugins/Animation/ControlRig/Content/Controls/ControlRig_Square_1mm.uasset" 94
"../../../Engine/Plugins/Animation/ControlRig/Content/Controls/ControlRig_Square_1mm.uexp" 95
"../../../Engine/Plugins/Animation/ControlRig/Content/Controls/ControlRig_Sphere_solid.ubulk" 96
"../../../Engine/Plugins/Animation/ControlRig/Content/Controls/ControlRig_Sphere_solid.uasset" 97
"../../../Engine/Plugins/Animation/ControlRig/Content/Controls/ControlRig_Sphere_solid.uexp" 98
"../../../Engine/Plugins/Animation/ControlRig/Content/Controls/ControlRig_Sphere_3mm.ubulk" 99
"../../../Engine/Plugins/Animation/ControlRig/Content/Controls/ControlRig_Sphere_3mm.uasset" 100
"../../../Engine/Plugins/Animation/ControlRig/Content/Controls/ControlRig_Sphere_3mm.uexp" 101
"../../../Engine/Plugins/Animation/ControlRig/Content/Controls/ControlRig_Sphere_1mm.ubulk" 102
"../../../Engine/Plugins/Animation/ControlRig/Content/Controls/ControlRig_Sphere_1mm.uasset" 103
"../../../Engine/Plugins/Animation/ControlRig/Content/Controls/ControlRig_Sphere_1mm.uexp" 104
"../../../Engine/Plugins/Animation/ControlRig/Content/Controls/ControlRig_RoundedTriangle_solid.ubulk" 105
"../../../Engine/Plugins/Animation/ControlRig/Content/Controls/ControlRig_RoundedTriangle_solid.uasset" 106
"../../../Engine/Plugins/Animation/ControlRig/Content/Controls/ControlRig_RoundedTriangle_solid.uexp" 107
"../../../Engine/Plugins/Animation/ControlRig/Content/Controls/ControlRig_RoundedTriangle_3mm.ubulk" 108
"../../../Engine/Plugins/Animation/ControlRig/Content/Controls/ControlRig_RoundedTriangle_3mm.uasset" 109
"../../../Engine/Plugins/Animation/ControlRig/Content/Controls/ControlRig_RoundedTriangle_3mm.uexp" 110
"../../../Engine/Plugins/Animation/ControlRig/Content/Controls/ControlRig_RoundedTriangle_1mm.ubulk" 111
"../../../Engine/Plugins/Animation/ControlRig/Content/Controls/ControlRig_RoundedTriangle_1mm.uasset" 112
"../../../Engine/Plugins/Animation/ControlRig/Content/Controls/ControlRig_RoundedTriangle_1mm.uexp" 113
"../../../Engine/Plugins/Animation/ControlRig/Content/Controls/ControlRig_RoundedSquare_solid.ubulk" 114
"../../../Engine/Plugins/Animation/ControlRig/Content/Controls/ControlRig_RoundedSquare_solid.uasset" 115
"../../../Engine/Plugins/Animation/ControlRig/Content/Controls/ControlRig_RoundedSquare_solid.uexp" 116
"../../../Engine/Plugins/Animation/ControlRig/Content/Controls/ControlRig_RoundedSquare_3mm.ubulk" 117
"../../../Engine/Plugins/Animation/ControlRig/Content/Controls/ControlRig_RoundedSquare_3mm.uasset" 118
"../../../Engine/Plugins/Animation/ControlRig/Content/Controls/ControlRig_RoundedSquare_3mm.uexp" 119
"../../../Engine/Plugins/Animation/ControlRig/Content/Controls/ControlRig_RoundedSquare_1mm.ubulk" 120
"../../../Engine/Plugins/Animation/ControlRig/Content/Controls/ControlRig_RoundedSquare_1mm.uasset" 121
"../../../Engine/Plugins/Animation/ControlRig/Content/Controls/ControlRig_RoundedSquare_1mm.uexp" 122
"../../../Engine/Plugins/Animation/ControlRig/Content/Controls/ControlRig_QuarterCircle_solid.ubulk" 123
"../../../Engine/Plugins/Animation/ControlRig/Content/Controls/ControlRig_QuarterCircle_solid.uasset" 124
"../../../Engine/Plugins/Animation/ControlRig/Content/Controls/ControlRig_QuarterCircle_solid.uexp" 125
"../../../Engine/Plugins/Animation/ControlRig/Content/Controls/ControlRig_QuarterCircle_3mm.ubulk" 126
"../../../Engine/Plugins/Animation/ControlRig/Content/Controls/ControlRig_QuarterCircle_3mm.uasset" 127
"../../../Engine/Plugins/Animation/ControlRig/Content/Controls/ControlRig_QuarterCircle_3mm.uexp" 128
"../../../Engine/Plugins/Animation/ControlRig/Content/Controls/ControlRig_QuarterCircle_1mm.ubulk" 129
"../../../Engine/Plugins/Animation/ControlRig/Content/Controls/ControlRig_QuarterCircle_1mm.uasset" 130
"../../../Engine/Plugins/Animation/ControlRig/Content/Controls/ControlRig_QuarterCircle_1mm.uexp" 131
"../../../Engine/Plugins/Animation/ControlRig/Content/Controls/ControlRig_Pyramid_solid.ubulk" 132
"../../../Engine/Plugins/Animation/ControlRig/Content/Controls/ControlRig_Pyramid_solid.uasset" 133
"../../../Engine/Plugins/Animation/ControlRig/Content/Controls/ControlRig_Pyramid_solid.uexp" 134
"../../../Engine/Plugins/Animation/ControlRig/Content/Controls/ControlRig_Pyramid_3mm.ubulk" 135
"../../../Engine/Plugins/Animation/ControlRig/Content/Controls/ControlRig_Pyramid_3mm.uasset" 136
"../../../Engine/Plugins/Animation/ControlRig/Content/Controls/ControlRig_Pyramid_3mm.uexp" 137
"../../../Engine/Plugins/Animation/ControlRig/Content/Controls/ControlRig_Pyramid_1mm.ubulk" 138
"../../../Engine/Plugins/Animation/ControlRig/Content/Controls/ControlRig_Pyramid_1mm.uasset" 139
"../../../Engine/Plugins/Animation/ControlRig/Content/Controls/ControlRig_Pyramid_1mm.uexp" 140
"../../../Engine/Plugins/Animation/ControlRig/Content/Controls/ControlRig_Octagon_solid.ubulk" 141
"../../../Engine/Plugins/Animation/ControlRig/Content/Controls/ControlRig_Octagon_solid.uasset" 142
"../../../Engine/Plugins/Animation/ControlRig/Content/Controls/ControlRig_Octagon_solid.uexp" 143
"../../../Engine/Plugins/Animation/ControlRig/Content/Controls/ControlRig_Octagon_3mm.ubulk" 144
"../../../Engine/Plugins/Animation/ControlRig/Content/Controls/ControlRig_Octagon_3mm.uasset" 145
"../../../Engine/Plugins/Animation/ControlRig/Content/Controls/ControlRig_Octagon_3mm.uexp" 146
"../../../Engine/Plugins/Animation/ControlRig/Content/Controls/ControlRig_Octagon_1mm.ubulk" 147
"../../../Engine/Plugins/Animation/ControlRig/Content/Controls/ControlRig_Octagon_1mm.uasset" 148
"../../../Engine/Plugins/Animation/ControlRig/Content/Controls/ControlRig_Octagon_1mm.uexp" 149
"../../../Engine/Plugins/Animation/ControlRig/Content/Controls/ControlRig_Hexagon_solid.ubulk" 150
"../../../Engine/Plugins/Animation/ControlRig/Content/Controls/ControlRig_Hexagon_solid.uasset" 151
"../../../Engine/Plugins/Animation/ControlRig/Content/Controls/ControlRig_Hexagon_solid.uexp" 152
"../../../Engine/Plugins/Animation/ControlRig/Content/Controls/ControlRig_Hexagon_3mm.ubulk" 153
"../../../Engine/Plugins/Animation/ControlRig/Content/Controls/ControlRig_Hexagon_3mm.uasset" 154
"../../../Engine/Plugins/Animation/ControlRig/Content/Controls/ControlRig_Hexagon_3mm.uexp" 155
"../../../Engine/Plugins/Animation/ControlRig/Content/Controls/ControlRig_Hexagon_1mm.ubulk" 156
"../../../Engine/Plugins/Animation/ControlRig/Content/Controls/ControlRig_Hexagon_1mm.uasset" 157
"../../../Engine/Plugins/Animation/ControlRig/Content/Controls/ControlRig_Hexagon_1mm.uexp" 158
"../../../Engine/Plugins/Animation/ControlRig/Content/Controls/ControlRig_HalfCircle_solid.ubulk" 159
"../../../Engine/Plugins/Animation/ControlRig/Content/Controls/ControlRig_HalfCircle_solid.uasset" 160
"../../../Engine/Plugins/Animation/ControlRig/Content/Controls/ControlRig_HalfCircle_solid.uexp" 161
"../../../Engine/Plugins/Animation/ControlRig/Content/Controls/ControlRig_HalfCircle_3mm.ubulk" 162
"../../../Engine/Plugins/Animation/ControlRig/Content/Controls/ControlRig_HalfCircle_3mm.uasset" 163
"../../../Engine/Plugins/Animation/ControlRig/Content/Controls/ControlRig_HalfCircle_3mm.uexp" 164
"../../../Engine/Plugins/Animation/ControlRig/Content/Controls/ControlRig_HalfCircle_1mm.ubulk" 165
"../../../Engine/Plugins/Animation/ControlRig/Content/Controls/ControlRig_HalfCircle_1mm.uasset" 166
"../../../Engine/Plugins/Animation/ControlRig/Content/Controls/ControlRig_HalfCircle_1mm.uexp" 167
"../../../Engine/Plugins/Animation/ControlRig/Content/Controls/ControlRig_Diamond_solid.ubulk" 168
"../../../Engine/Plugins/Animation/ControlRig/Content/Controls/ControlRig_Diamond_solid.uasset" 169
"../../../Engine/Plugins/Animation/ControlRig/Content/Controls/ControlRig_Diamond_solid.uexp" 170
"../../../Engine/Plugins/Animation/ControlRig/Content/Controls/ControlRig_Diamond_3mm.ubulk" 171
"../../../Engine/Plugins/Animation/ControlRig/Content/Controls/ControlRig_Diamond_3mm.uasset" 172
"../../../Engine/Plugins/Animation/ControlRig/Content/Controls/ControlRig_Diamond_3mm.uexp" 173
"../../../Engine/Plugins/Animation/ControlRig/Content/Controls/ControlRig_Diamond_1mm.ubulk" 174
"../../../Engine/Plugins/Animation/ControlRig/Content/Controls/ControlRig_Diamond_1mm.uasset" 175
"../../../Engine/Plugins/Animation/ControlRig/Content/Controls/ControlRig_Diamond_1mm.uexp" 176
"../../../Engine/Plugins/Animation/ControlRig/Content/Controls/ControlRig_Circle_solid.ubulk" 177
"../../../Engine/Plugins/Animation/ControlRig/Content/Controls/ControlRig_Circle_solid.uasset" 178
"../../../Engine/Plugins/Animation/ControlRig/Content/Controls/ControlRig_Circle_solid.uexp" 179
"../../../Engine/Plugins/Animation/ControlRig/Content/Controls/ControlRig_Circle_3mm.ubulk" 180
"../../../Engine/Plugins/Animation/ControlRig/Content/Controls/ControlRig_Circle_3mm.uasset" 181
"../../../Engine/Plugins/Animation/ControlRig/Content/Controls/ControlRig_Circle_3mm.uexp" 182
"../../../Engine/Plugins/Animation/ControlRig/Content/Controls/ControlRig_Circle_1mm.ubulk" 183
"../../../Engine/Plugins/Animation/ControlRig/Content/Controls/ControlRig_Circle_1mm.uasset" 184
"../../../Engine/Plugins/Animation/ControlRig/Content/Controls/ControlRig_Circle_1mm.uexp" 185
"../../../Engine/Plugins/Animation/ControlRig/Content/Controls/ControlRig_Box_solid.ubulk" 186
"../../../Engine/Plugins/Animation/ControlRig/Content/Controls/ControlRig_Box_solid.uasset" 187
"../../../Engine/Plugins/Animation/ControlRig/Content/Controls/ControlRig_Box_solid.uexp" 188
"../../../Engine/Plugins/Animation/ControlRig/Content/Controls/ControlRig_Box_3mm.ubulk" 189
"../../../Engine/Plugins/Animation/ControlRig/Content/Controls/ControlRig_Box_3mm.uasset" 190
"../../../Engine/Plugins/Animation/ControlRig/Content/Controls/ControlRig_Box_3mm.uexp" 191
"../../../Engine/Plugins/Animation/ControlRig/Content/Controls/ControlRig_Box_1mm.ubulk" 192
"../../../Engine/Plugins/Animation/ControlRig/Content/Controls/ControlRig_Box_1mm.uasset" 193
"../../../Engine/Plugins/Animation/ControlRig/Content/Controls/ControlRig_Box_1mm.uexp" 194
"../../../Engine/Plugins/Animation/ControlRig/Content/Controls/ControlRig_Arrow_solid.ubulk" 195
"../../../Engine/Plugins/Animation/ControlRig/Content/Controls/ControlRig_Arrow_solid.uasset" 196
"../../../Engine/Plugins/Animation/ControlRig/Content/Controls/ControlRig_Arrow_solid.uexp" 197
"../../../Engine/Plugins/Animation/ControlRig/Content/Controls/ControlRig_Arrow_3mm.ubulk" 198
"../../../Engine/Plugins/Animation/ControlRig/Content/Controls/ControlRig_Arrow_3mm.uasset" 199
"../../../Engine/Plugins/Animation/ControlRig/Content/Controls/ControlRig_Arrow_3mm.uexp" 200
"../../../Engine/Plugins/Animation/ControlRig/Content/Controls/ControlRig_Arrow_1mm.ubulk" 201
"../../../Engine/Plugins/Animation/ControlRig/Content/Controls/ControlRig_Arrow_1mm.uasset" 202
"../../../Engine/Plugins/Animation/ControlRig/Content/Controls/ControlRig_Arrow_1mm.uexp" 203
"../../../Engine/Plugins/Animation/ControlRig/Content/Controls/ControlRig_Arrow4_solid.ubulk" 204
"../../../Engine/Plugins/Animation/ControlRig/Content/Controls/ControlRig_Arrow4_solid.uasset" 205
"../../../Engine/Plugins/Animation/ControlRig/Content/Controls/ControlRig_Arrow4_solid.uexp" 206
"../../../Engine/Plugins/Animation/ControlRig/Content/Controls/ControlRig_Arrow4_3mm.ubulk" 207
"../../../Engine/Plugins/Animation/ControlRig/Content/Controls/ControlRig_Arrow4_3mm.uasset" 208
"../../../Engine/Plugins/Animation/ControlRig/Content/Controls/ControlRig_Arrow4_3mm.uexp" 209
"../../../Engine/Plugins/Animation/ControlRig/Content/Controls/ControlRig_Arrow4_1mm.ubulk" 210
"../../../Engine/Plugins/Animation/ControlRig/Content/Controls/ControlRig_Arrow4_1mm.uasset" 211
"../../../Engine/Plugins/Animation/ControlRig/Content/Controls/ControlRig_Arrow4_1mm.uexp" 212
"../../../Engine/Plugins/Animation/ControlRig/Content/Controls/ControlRig_Arrow2_solid.ubulk" 213
"../../../Engine/Plugins/Animation/ControlRig/Content/Controls/ControlRig_Arrow2_solid.uasset" 214
"../../../Engine/Plugins/Animation/ControlRig/Content/Controls/ControlRig_Arrow2_solid.uexp" 215
"../../../Engine/Plugins/Animation/ControlRig/Content/Controls/ControlRig_Arrow2_3mm.ubulk" 216
"../../../Engine/Plugins/Animation/ControlRig/Content/Controls/ControlRig_Arrow2_3mm.uasset" 217
"../../../Engine/Plugins/Animation/ControlRig/Content/Controls/ControlRig_Arrow2_3mm.uexp" 218
"../../../Engine/Plugins/Animation/ControlRig/Content/Controls/ControlRig_Arrow2_1mm.ubulk" 219
"../../../Engine/Plugins/Animation/ControlRig/Content/Controls/ControlRig_Arrow2_1mm.uasset" 220
"../../../Engine/Plugins/Animation/ControlRig/Content/Controls/ControlRig_Arrow2_1mm.uexp" 221
"../../../Engine/Plugins/Animation/ControlRig/Content/Controls/ControlRigGizmoMaterial.uasset" 222
"../../../Engine/Plugins/Animation/ControlRig/Content/Controls/ControlRigGizmoMaterial.uexp" 223
"../../../Engine/Content/Functions/Engine_MaterialFunctions01/Shading/PowerToRoughness.uasset" 224
"../../../Engine/Content/Functions/Engine_MaterialFunctions01/Shading/PowerToRoughness.uexp" 225
"../../../Engine/Content/Functions/Engine_MaterialFunctions01/Shading/ConvertFromDiffSpec.uasset" 226
"../../../Engine/Content/Functions/Engine_MaterialFunctions01/Shading/ConvertFromDiffSpec.uexp" 227
"../../../Engine/Content/EngineSounds/Master.uasset" 228
"../../../Engine/Content/EngineSounds/Master.uexp" 229
"../../../Engine/Content/EngineSky/VolumetricClouds/CloudWeatherTexture.uasset" 230
"../../../Engine/Content/EngineSky/VolumetricClouds/CloudWeatherTexture.uexp" 231
"../../../Engine/Content/Functions/Engine_MaterialFunctions02/Utility/MakeFloat2.uasset" 232
"../../../Engine/Content/Functions/Engine_MaterialFunctions02/Utility/MakeFloat2.uexp" 233
"../../../Engine/Content/EngineSky/VolumetricClouds/CloudGradientTexture.uasset" 234
"../../../Engine/Content/EngineSky/VolumetricClouds/CloudGradientTexture.uexp" 235
"../../../Engine/Content/EngineSky/VolumetricClouds/T_NoiseShape64.ubulk" 236
"../../../Engine/Content/EngineSky/VolumetricClouds/T_NoiseShape64.uasset" 237
"../../../Engine/Content/EngineSky/VolumetricClouds/T_NoiseShape64.uexp" 238
"../../../Engine/Content/EngineSky/VolumetricClouds/T_VolumeNoiseShape64.uasset" 239
"../../../Engine/Content/EngineSky/VolumetricClouds/T_VolumeNoiseShape64.uexp" 240
"../../../Engine/Content/EngineSky/VolumetricClouds/T_NoiseErosion.ubulk" 241
"../../../Engine/Content/EngineSky/VolumetricClouds/T_NoiseErosion.uasset" 242
"../../../Engine/Content/EngineSky/VolumetricClouds/T_NoiseErosion.uexp" 243
"../../../Engine/Content/EngineSky/VolumetricClouds/T_VolumeNoiseErosion32.uasset" 244
"../../../Engine/Content/EngineSky/VolumetricClouds/T_VolumeNoiseErosion32.uexp" 245
"../../../Engine/Content/EngineSky/VolumetricClouds/m_SimpleVolumetricCloud.uasset" 246
"../../../Engine/Content/EngineSky/VolumetricClouds/m_SimpleVolumetricCloud.uexp" 247
"../../../Engine/Content/EngineSky/VolumetricClouds/m_SimpleVolumetricCloud_Inst.uasset" 248
"../../../Engine/Content/EngineSky/VolumetricClouds/m_SimpleVolumetricCloud_Inst.uexp" 249
"../../../Engine/Content/EngineResources/GradientTexture0.uasset" 250
"../../../Engine/Content/EngineResources/GradientTexture0.uexp" 251
"../../../Engine/Content/EngineResources/DefaultVolumeTexture2D.uasset" 252
"../../../Engine/Content/EngineResources/DefaultVolumeTexture2D.uexp" 253
"../../../Engine/Content/EngineResources/DefaultVolumeTexture.uasset" 254
"../../../Engine/Content/EngineResources/DefaultVolumeTexture.uexp" 255
"../../../Engine/Content/EngineResources/DefaultTextureCube.uasset" 256
"../../../Engine/Content/EngineResources/DefaultTextureCube.uexp" 257
"../../../Engine/Content/EngineResources/DefaultTexture.ubulk" 258
"../../../Engine/Content/EngineResources/DefaultTexture.uasset" 259
"../../../Engine/Content/EngineResources/DefaultTexture.uexp" 260
"../../../Engine/Content/EngineResources/Black.uasset" 261
"../../../Engine/Content/EngineResources/Black.uexp" 262
"../../../Engine/Content/EngineResources/FilmGrains/Marcie_Grain_v3_128_M2_000.uasset" 263
"../../../Engine/Content/EngineResources/FilmGrains/Marcie_Grain_v3_128_M2_000.uexp" 264
"../../../Engine/Content/EngineMeshes/Sphere.ubulk" 265
"../../../Engine/Content/EngineMeshes/Sphere.uasset" 266
"../../../Engine/Content/EngineMeshes/Sphere.uexp" 267
"../../../Engine/Content/EngineResources/WhiteSquareTexture.uasset" 268
"../../../Engine/Content/EngineResources/WhiteSquareTexture.uexp" 269
"../../../Engine/Content/EngineMaterials/Widget3DPassThrough.uasset" 270
"../../../Engine/Content/EngineMaterials/Widget3DPassThrough.uexp" 271
"../../../Engine/Content/EngineMaterials/Widget3DPassThrough_Translucent.uasset" 272
"../../../Engine/Content/EngineMaterials/Widget3DPassThrough_Translucent.uexp" 273
"../../../Engine/Content/EngineMaterials/Widget3DPassThrough_Translucent_OneSided.uasset" 274
"../../../Engine/Content/EngineMaterials/Widget3DPassThrough_Translucent_OneSided.uexp" 275
"../../../Engine/Content/EngineMaterials/Widget3DPassThrough_Opaque.uasset" 276
"../../../Engine/Content/EngineMaterials/Widget3DPassThrough_Opaque.uexp" 277
"../../../Engine/Content/EngineMaterials/Widget3DPassThrough_Opaque_OneSided.uasset" 278
"../../../Engine/Content/EngineMaterials/Widget3DPassThrough_Opaque_OneSided.uexp" 279
"../../../Engine/Content/EngineMaterials/Widget3DPassThrough_Masked_OneSided.uasset" 280
"../../../Engine/Content/EngineMaterials/Widget3DPassThrough_Masked_OneSided.uexp" 281
"../../../Engine/Plugins/Editor/SpeedTreeImporter/Content/SpeedTree9/game_wind_noise.ubulk" 282
"../../../Engine/Plugins/Editor/SpeedTreeImporter/Content/SpeedTree9/game_wind_noise.uasset" 283
"../../../Engine/Plugins/Editor/SpeedTreeImporter/Content/SpeedTree9/game_wind_noise.uexp" 284
"../../../Engine/Plugins/Editor/SpeedTreeImporter/Content/SpeedTree9/UnpackDirection.uasset" 285
"../../../Engine/Plugins/Editor/SpeedTreeImporter/Content/SpeedTree9/UnpackDirection.uexp" 286
"../../../Engine/Content/Functions/Engine_MaterialFunctions02/ObjectLocalBounds.uasset" 287
"../../../Engine/Content/Functions/Engine_MaterialFunctions02/ObjectLocalBounds.uexp" 288
"../../../Engine/Content/Functions/Engine_MaterialFunctions02/Utility/BreakOutFloat3Components.uasset" 289
"../../../Engine/Content/Functions/Engine_MaterialFunctions02/Utility/BreakOutFloat3Components.uexp" 290
"../../../Engine/Content/Functions/Engine_MaterialFunctions02/UVs/BoundingBoxBased_0-1_UVW.uasset" 291
"../../../Engine/Content/Functions/Engine_MaterialFunctions02/UVs/BoundingBoxBased_0-1_UVW.uexp" 292
"../../../Engine/Content/Functions/Engine_MaterialFunctions02/Utility/VectorLength.uasset" 293
"../../../Engine/Content/Functions/Engine_MaterialFunctions02/Utility/VectorLength.uexp" 294
"../../../Engine/Plugins/Editor/SpeedTreeImporter/Content/SpeedTree9/UnpackInteger3.uasset" 295
"../../../Engine/Plugins/Editor/SpeedTreeImporter/Content/SpeedTree9/UnpackInteger3.uexp" 296
"../../../Engine/Plugins/Editor/SpeedTreeImporter/Content/SpeedTree9/SpeedTreeCameraFacing.uasset" 297
"../../../Engine/Plugins/Editor/SpeedTreeImporter/Content/SpeedTree9/SpeedTreeCameraFacing.uexp" 298
"../../../Engine/Content/Functions/Engine_MaterialFunctions02/WorldPositionOffset/ObjectScale.uasset" 299
"../../../Engine/Content/Functions/Engine_MaterialFunctions02/WorldPositionOffset/ObjectScale.uexp" 300
"../../../Engine/Content/Functions/Engine_MaterialFunctions02/SafeNormalize.uasset" 301
"../../../Engine/Content/Functions/Engine_MaterialFunctions02/SafeNormalize.uexp" 302
"../../../Engine/Plugins/Editor/SpeedTreeImporter/Content/SpeedTree9/SpeedTreeWindMotion.uasset" 303
"../../../Engine/Plugins/Editor/SpeedTreeImporter/Content/SpeedTree9/SpeedTreeWindMotion.uexp" 304
"../../../Engine/Plugins/Editor/SpeedTreeImporter/Content/SpeedTree9/SpeedTreeBranchMotion.uasset" 305
"../../../Engine/Plugins/Editor/SpeedTreeImporter/Content/SpeedTree9/SpeedTreeBranchMotion.uexp" 306
"../../../Engine/Plugins/Editor/SpeedTreeImporter/Content/SpeedTree9/SpeedTreeWind.uasset" 307
"../../../Engine/Plugins/Editor/SpeedTreeImporter/Content/SpeedTree9/SpeedTreeWind.uexp" 308
"../../../Engine/Plugins/Editor/SpeedTreeImporter/Content/SpeedTree9/EmptyNormal.uasset" 309
"../../../Engine/Plugins/Editor/SpeedTreeImporter/Content/SpeedTree9/EmptyNormal.uexp" 310
"../../../Engine/Plugins/Editor/SpeedTreeImporter/Content/SpeedTree9/Empty.uasset" 311
"../../../Engine/Plugins/Editor/SpeedTreeImporter/Content/SpeedTree9/Empty.uexp" 312
"../../../Engine/Plugins/Editor/SpeedTreeImporter/Content/SpeedTree9/SpeedTreeMaster.uasset" 313
"../../../Engine/Plugins/Editor/SpeedTreeImporter/Content/SpeedTree9/SpeedTreeMaster.uexp" 314
"../../../Engine/Plugins/Editor/SpeedTreeImporter/Content/SpeedTree9/SpeedTreeBillboard.uasset" 315
"../../../Engine/Plugins/Editor/SpeedTreeImporter/Content/SpeedTree9/SpeedTreeBillboard.uexp" 316
"../../../Engine/Plugins/Editor/SpeedTreeImporter/Content/SpeedTree9/SpeedTreeBillboardMaster.uasset" 317
"../../../Engine/Plugins/Editor/SpeedTreeImporter/Content/SpeedTree9/SpeedTreeBillboardMaster.uexp" 318
"../../../Engine/Content/EngineMaterials/Widget3DPassThrough_Masked.uasset" 319
"../../../Engine/Content/EngineMaterials/Widget3DPassThrough_Masked.uexp" 320
"../../../Engine/Content/EngineMaterials/WeightMapPlaceholderTexture.uasset" 321
"../../../Engine/Content/EngineMaterials/WeightMapPlaceholderTexture.uexp" 322
"../../../Engine/Content/EngineMaterials/RemoveSurfaceMaterial.uasset" 323
"../../../Engine/Content/EngineMaterials/RemoveSurfaceMaterial.uexp" 324
"../../../Engine/Content/EngineMaterials/PreintegratedSkinBRDF.uasset" 325
"../../../Engine/Content/EngineMaterials/PreintegratedSkinBRDF.uexp" 326
"../../../Engine/Content/EngineMaterials/DefaultCalibrationGrayscale.uasset" 327
"../../../Engine/Content/EngineMaterials/DefaultCalibrationGrayscale.uexp" 328
"../../../Engine/Content/EngineMaterials/PPM_DefaultCalibrationGrayscale.uasset" 329
"../../../Engine/Content/EngineMaterials/PPM_DefaultCalibrationGrayscale.uexp" 330
"../../../Engine/Content/EngineMaterials/DefaultCalibrationColor.uasset" 331
"../../../Engine/Content/EngineMaterials/DefaultCalibrationColor.uexp" 332
"../../../Engine/Content/EngineMaterials/PPM_DefaultCalibrationColor.uasset" 333
"../../../Engine/Content/EngineMaterials/PPM_DefaultCalibrationColor.uexp" 334
"../../../Engine/Content/EngineMaterials/PhAT_JointLimitMaterial.uasset" 335
"../../../Engine/Content/EngineMaterials/PhAT_JointLimitMaterial.uexp" 336
"../../../Engine/Content/EngineMaterials/InvalidLightmapSettings.ubulk" 337
"../../../Engine/Content/EngineMaterials/InvalidLightmapSettings.uasset" 338
"../../../Engine/Content/EngineMaterials/InvalidLightmapSettings.uexp" 339
"../../../Engine/Content/EngineMaterials/M_InvalidLightmapSettings.uasset" 340
"../../../Engine/Content/EngineMaterials/M_InvalidLightmapSettings.uexp" 341
"../../../Engine/Content/EngineMaterials/MiniFont.uasset" 342
"../../../Engine/Content/EngineMaterials/MiniFont.uexp" 343
"../../../Engine/Content/EngineMaterials/Good64x64TilingNoiseHighFreq.uasset" 344
"../../../Engine/Content/EngineMaterials/Good64x64TilingNoiseHighFreq.uexp" 345
"../../../Engine/Content/EngineMaterials/GizmoMaterial.uasset" 346
"../../../Engine/Content/EngineMaterials/GizmoMaterial.uexp" 347
"../../../Engine/Content/EngineMaterials/BaseFlattenEmissiveMap_VT.uasset" 348
"../../../Engine/Content/EngineMaterials/BaseFlattenEmissiveMap_VT.uexp" 349
"../../../Engine/Content/EngineMaterials/BaseFlattenGrayscaleMap_VT.uasset" 350
"../../../Engine/Content/EngineMaterials/BaseFlattenGrayscaleMap_VT.uexp" 351
"../../../Engine/Content/EngineMaterials/BaseFlattenLinearColor_VT.uasset" 352
"../../../Engine/Content/EngineMaterials/BaseFlattenLinearColor_VT.uexp" 353
"../../../Engine/Content/EngineMaterials/Black_1x1_EXR_Texture_VT.uasset" 354
"../../../Engine/Content/EngineMaterials/Black_1x1_EXR_Texture_VT.uexp" 355
"../../../Engine/Content/EngineMaterials/BaseFlattenDiffuseMap_VT.uasset" 356
"../../../Engine/Content/EngineMaterials/BaseFlattenDiffuseMap_VT.uexp" 357
"../../../Engine/Content/EngineMaterials/BaseFlattenNormalMap_VT.uasset" 358
"../../../Engine/Content/EngineMaterials/BaseFlattenNormalMap_VT.uexp" 359
"../../../Engine/Content/EngineMaterials/FlattenMaterial_WS_Normal_VT.uasset" 360
"../../../Engine/Content/EngineMaterials/FlattenMaterial_WS_Normal_VT.uexp" 361
"../../../Engine/Content/EngineMaterials/FlattenMaterial_VT.uasset" 362
"../../../Engine/Content/EngineMaterials/FlattenMaterial_VT.uexp" 363
"../../../Engine/Content/EngineMaterials/BaseFlattenNormalMap.uasset" 364
"../../../Engine/Content/EngineMaterials/BaseFlattenNormalMap.uexp" 365
"../../../Engine/Content/EngineMaterials/BaseFlattenGrayscaleMap.uasset" 366
"../../../Engine/Content/EngineMaterials/BaseFlattenGrayscaleMap.uexp" 367
"../../../Engine/Content/EngineMaterials/BaseFlattenDiffuseMap.uasset" 368
"../../../Engine/Content/EngineMaterials/BaseFlattenDiffuseMap.uexp" 369
"../../../Engine/Content/Functions/Engine_MaterialFunctions02/PivotPainter2/Black_1x1_EXR_Texture.uasset" 370
"../../../Engine/Content/Functions/Engine_MaterialFunctions02/PivotPainter2/Black_1x1_EXR_Texture.uexp" 371
"../../../Engine/Content/EngineMaterials/BaseFlattenEmissiveMap.uasset" 372
"../../../Engine/Content/EngineMaterials/BaseFlattenEmissiveMap.uexp" 373
"../../../Engine/Content/EngineMaterials/BaseFlattenLinearColor.uasset" 374
"../../../Engine/Content/EngineMaterials/BaseFlattenLinearColor.uexp" 375
"../../../Engine/Content/EngineMaterials/FlattenMaterial.uasset" 376
"../../../Engine/Content/EngineMaterials/FlattenMaterial.uexp" 377
"../../../Engine/Content/EngineMaterials/DefaultWhiteGrid_Low.uasset" 378
"../../../Engine/Content/EngineMaterials/DefaultWhiteGrid_Low.uexp" 379
"../../../Engine/Content/EngineMaterials/EmissiveMeshMaterial.uasset" 380
"../../../Engine/Content/EngineMaterials/EmissiveMeshMaterial.uexp" 381
"../../../Engine/Content/EngineMaterials/DefaultWhiteGrid.ubulk" 382
"../../../Engine/Content/EngineMaterials/DefaultWhiteGrid.uasset" 383
"../../../Engine/Content/EngineMaterials/DefaultWhiteGrid.uexp" 384
"../../../Engine/Content/EngineFonts/RobotoDistanceField.uasset" 385
"../../../Engine/Content/EngineFonts/RobotoDistanceField.uexp" 386
"../../../Engine/Content/EngineMaterials/DefaultTextMaterialOpaque.uasset" 387
"../../../Engine/Content/EngineMaterials/DefaultTextMaterialOpaque.uexp" 388
"../../../Engine/Content/EngineMaterials/DefaultDiffuse.ubulk" 389
"../../../Engine/Content/EngineMaterials/DefaultDiffuse.uasset" 390
"../../../Engine/Content/EngineMaterials/DefaultDiffuse.uexp" 391
"../../../Engine/Content/Functions/Engine_MaterialFunctions02/Utility/BreakOutFloat2Components.uasset" 392
"../../../Engine/Content/Functions/Engine_MaterialFunctions02/Utility/BreakOutFloat2Components.uexp" 393
"../../../Engine/Content/EngineMaterials/DefaultPostProcessMaterial.uasset" 394
"../../../Engine/Content/EngineMaterials/DefaultPostProcessMaterial.uexp" 395
"../../../Engine/Content/EngineMaterials/DefaultPhysicalMaterial.uasset" 396
"../../../Engine/Content/EngineMaterials/DefaultPhysicalMaterial.uexp" 397
"../../../Engine/Content/EngineMaterials/DefaultLightFunctionMaterial.uasset" 398
"../../../Engine/Content/EngineMaterials/DefaultLightFunctionMaterial.uexp" 399
"../../../Engine/Content/EngineMaterials/DefaultDestructiblePhysicalMaterial.uasset" 400
"../../../Engine/Content/EngineMaterials/DefaultDestructiblePhysicalMaterial.uexp" 401
"../../../Engine/Content/EngineMaterials/DefaultDeferredDecalMaterial.uasset" 402
"../../../Engine/Content/EngineMaterials/DefaultDeferredDecalMaterial.uexp" 403
"../../../Engine/Content/EngineMaterials/DefaultBokeh.uasset" 404
"../../../Engine/Content/EngineMaterials/DefaultBokeh.uexp" 405
"../../../Engine/Content/EngineMaterials/DefaultBloomKernel.uasset" 406
"../../../Engine/Content/EngineMaterials/DefaultBloomKernel.uexp" 407
"../../../Engine/Content/EngineMaterials/BlueNoise.uasset" 408
"../../../Engine/Content/EngineMaterials/BlueNoise.uexp" 409
"../../../Engine/Content/EngineFonts/Faces/RobotoLight.uexp" 410
"../../../Engine/Content/EngineFonts/Faces/RobotoLight.uasset" 411
"../../../Engine/Content/EngineFonts/Faces/RobotoLight.ufont" 412
"../../../Engine/Content/EngineFonts/Faces/RobotoBold.uexp" 413
"../../../Engine/Content/EngineFonts/Faces/RobotoBold.uasset" 414
"../../../Engine/Content/EngineFonts/Faces/RobotoBold.ufont" 415
"../../../Engine/Content/EngineFonts/Faces/RobotoRegular.uexp" 416
"../../../Engine/Content/EngineFonts/Faces/RobotoRegular.uasset" 417
"../../../Engine/Content/EngineFonts/Faces/RobotoRegular.ufont" 418
"../../../Engine/Content/EngineFonts/Faces/DroidSansFallback.uexp" 419
"../../../Engine/Content/EngineFonts/Faces/DroidSansFallback.uasset" 420
"../../../Engine/Content/EngineFonts/Faces/DroidSansFallback.ufont" 421
"../../../Engine/Content/EngineFonts/Faces/RobotoItalic.uexp" 422
"../../../Engine/Content/EngineFonts/Faces/RobotoItalic.uasset" 423
"../../../Engine/Content/EngineFonts/Faces/RobotoItalic.ufont" 424
"../../../Engine/Content/EngineFonts/Faces/RobotoBoldItalic.uexp" 425
"../../../Engine/Content/EngineFonts/Faces/RobotoBoldItalic.uasset" 426
"../../../Engine/Content/EngineFonts/Faces/RobotoBoldItalic.ufont" 427
"../../../Engine/Content/EngineFonts/Roboto.uasset" 428
"../../../Engine/Content/EngineFonts/Roboto.uexp" 429
"../../../Engine/Content/Functions/Engine_MaterialFunctions02/Utility/CameraDirectionVector.uasset" 430
"../../../Engine/Content/Functions/Engine_MaterialFunctions02/Utility/CameraDirectionVector.uexp" 431
"../../../Engine/Content/EngineDebugMaterials/VolumeToRender.uasset" 432
"../../../Engine/Content/EngineDebugMaterials/VolumeToRender.uexp" 433
"../../../Engine/Content/EngineDebugMaterials/M_VolumeRenderSphereTracePP.uasset" 434
"../../../Engine/Content/EngineDebugMaterials/M_VolumeRenderSphereTracePP.uexp" 435
"../../../Engine/Content/EngineDebugMaterials/M_SimpleUnlitTranslucent.uasset" 436
"../../../Engine/Content/EngineDebugMaterials/M_SimpleUnlitTranslucent.uexp" 437
"../../../Engine/Content/EngineDebugMaterials/DebugMeshMaterial.uasset" 438
"../../../Engine/Content/EngineDebugMaterials/DebugMeshMaterial.uexp" 439
"../../../Engine/Content/EngineDebugMaterials/DebugEditorMaterial.uasset" 440
"../../../Engine/Content/EngineDebugMaterials/DebugEditorMaterial.uexp" 441
"../../../Engine/Content/EngineDamageTypes/DmgTypeBP_Environmental.uasset" 442
"../../../Engine/Content/EngineDamageTypes/DmgTypeBP_Environmental.uexp" 443
"../../../Engine/Content/EditorResources/S_TriggerSphere.uasset" 444
"../../../Engine/Content/EditorResources/S_TriggerSphere.uexp" 445
"../../../Engine/Content/EditorResources/S_TriggerCapsule.uasset" 446
"../../../Engine/Content/EditorResources/S_TriggerCapsule.uexp" 447
"../../../Engine/Content/EditorResources/S_TriggerBox.uasset" 448
"../../../Engine/Content/EditorResources/S_TriggerBox.uexp" 449
"../../../Engine/Content/EditorResources/S_Trigger.ubulk" 450
"../../../Engine/Content/EditorResources/S_Trigger.uasset" 451
"../../../Engine/Content/EditorResources/S_Trigger.uexp" 452
"../../../Engine/Content/EditorResources/S_Terrain.ubulk" 453
"../../../Engine/Content/EditorResources/S_Terrain.uasset" 454
"../../../Engine/Content/EditorResources/S_Terrain.uexp" 455
"../../../Engine/Content/EditorResources/S_Solver.ubulk" 456
"../../../Engine/Content/EditorResources/S_Solver.uasset" 457
"../../../Engine/Content/EditorResources/S_Solver.uexp" 458
"../../../Engine/Content/EditorResources/S_BoxReflectionCapture.uasset" 459
"../../../Engine/Content/EditorResources/S_BoxReflectionCapture.uexp" 460
"../../../Engine/Content/EditorResources/S_Actor.ubulk" 461
"../../../Engine/Content/EditorResources/S_Actor.uasset" 462
"../../../Engine/Content/EditorResources/S_Actor.uexp" 463
"../../../Engine/Content/EditorResources/EmptyActor.uasset" 464
"../../../Engine/Content/EditorResources/EmptyActor.uexp" 465
"../../../Engine/Content/EditorResources/BSPVertex.uasset" 466
"../../../Engine/Content/EditorResources/BSPVertex.uexp" 467
"../../../Engine/Content/EditorResources/SequenceRecorder/RecordingIndicator.uasset" 468
"../../../Engine/Content/EditorResources/SequenceRecorder/RecordingIndicator.uexp" 469
"../../../Engine/Content/EditorResources/SequenceRecorder/Countdown.uasset" 470
"../../../Engine/Content/EditorResources/SequenceRecorder/Countdown.uexp" 471
"../../../Engine/Content/EditorMaterials/Camera/CineMat.uasset" 472
"../../../Engine/Content/EditorMaterials/Camera/CineMat.uexp" 473
"../../../Engine/Content/EditorMaterials/Camera/MI_CineMat_Rig.uasset" 474
"../../../Engine/Content/EditorMaterials/Camera/MI_CineMat_Rig.uexp" 475
"../../../Engine/Content/EditorMeshes/Camera/SM_RailRig_Track.ubulk" 476
"../../../Engine/Content/EditorMeshes/Camera/SM_RailRig_Track.uasset" 477
"../../../Engine/Content/EditorMeshes/Camera/SM_RailRig_Track.uexp" 478
"../../../Engine/Content/EditorMeshes/Camera/SM_RailRig_Mount.ubulk" 479
"../../../Engine/Content/EditorMeshes/Camera/SM_RailRig_Mount.uasset" 480
"../../../Engine/Content/EditorMeshes/Camera/SM_RailRig_Mount.uexp" 481
"../../../Engine/Content/EditorMeshes/Camera/SM_CraneRig_Mount.ubulk" 482
"../../../Engine/Content/EditorMeshes/Camera/SM_CraneRig_Mount.uasset" 483
"../../../Engine/Content/EditorMeshes/Camera/SM_CraneRig_Mount.uexp" 484
"../../../Engine/Content/EditorMeshes/Camera/SM_CraneRig_Body.ubulk" 485
"../../../Engine/Content/EditorMeshes/Camera/SM_CraneRig_Body.uasset" 486
"../../../Engine/Content/EditorMeshes/Camera/SM_CraneRig_Body.uexp" 487
"../../../Engine/Content/EditorMeshes/Camera/SM_CraneRig_Base.ubulk" 488
"../../../Engine/Content/EditorMeshes/Camera/SM_CraneRig_Base.uasset" 489
"../../../Engine/Content/EditorMeshes/Camera/SM_CraneRig_Base.uexp" 490
"../../../Engine/Content/EditorMeshes/Camera/SM_CraneRig_Arm.ubulk" 491
"../../../Engine/Content/EditorMeshes/Camera/SM_CraneRig_Arm.uasset" 492
"../../../Engine/Content/EditorMeshes/Camera/SM_CraneRig_Arm.uexp" 493
"../../../Engine/Content/EditorMaterials/PreviewShadowIndicator.ubulk" 494
"../../../Engine/Content/EditorMaterials/PreviewShadowIndicator.uasset" 495
"../../../Engine/Content/EditorMaterials/PreviewShadowIndicator.uexp" 496
"../../../Engine/Content/EditorMaterials/PreviewShadowIndicatorMaterial.uasset" 497
"../../../Engine/Content/EditorMaterials/PreviewShadowIndicatorMaterial.uexp" 498
"../../../Engine/Content/EditorMaterials/MAT_Groups_Visibility.uasset" 499
"../../../Engine/Content/EditorMaterials/MAT_Groups_Visibility.uexp" 500
"../../../Engine/Content/EditorMaterials/MAT_Groups_Toggle.uasset" 501
"../../../Engine/Content/EditorMaterials/MAT_Groups_Toggle.uexp" 502
"../../../Engine/Content/Functions/Engine_MaterialFunctions02/Utility/MakeFloat4.uasset" 503
"../../../Engine/Content/Functions/Engine_MaterialFunctions02/Utility/MakeFloat4.uexp" 504
"../../../Engine/Content/Functions/Engine_MaterialFunctions02/Utility/MakeFloat3.uasset" 505
"../../../Engine/Content/Functions/Engine_MaterialFunctions02/Utility/MakeFloat3.uexp" 506
"../../../Engine/Content/EditorMaterials/WorldPartition/WorldPartitionSpatialHashGridPreviewMaterial.uasset" 507
"../../../Engine/Content/EditorMaterials/WorldPartition/WorldPartitionSpatialHashGridPreviewMaterial.uexp" 508
"../../../Engine/Content/EditorMaterials/ParticleSystems/PSysThumbnail_OOD.ubulk" 509
"../../../Engine/Content/EditorMaterials/ParticleSystems/PSysThumbnail_OOD.uasset" 510
"../../../Engine/Content/EditorMaterials/ParticleSystems/PSysThumbnail_OOD.uexp" 511
"../../../Engine/Content/EditorMaterials/ParticleSystems/PSysThumbnail_NoImage.ubulk" 512
"../../../Engine/Content/EditorMaterials/ParticleSystems/PSysThumbnail_NoImage.uasset" 513
"../../../Engine/Content/EditorMaterials/ParticleSystems/PSysThumbnail_NoImage.uexp" 514
"../../../Engine/Content/EditorMaterials/MatineeGroups/MAT_Groups_Vector.uasset" 515
"../../../Engine/Content/EditorMaterials/MatineeGroups/MAT_Groups_Vector.uexp" 516
"../../../Engine/Content/EditorMaterials/MatineeGroups/MAT_Groups_Sound.uasset" 517
"../../../Engine/Content/EditorMaterials/MatineeGroups/MAT_Groups_Sound.uexp" 518
"../../../Engine/Content/EditorMaterials/MatineeGroups/MAT_Groups_Slomo.uasset" 519
"../../../Engine/Content/EditorMaterials/MatineeGroups/MAT_Groups_Slomo.uexp" 520
"../../../Engine/Content/EditorMaterials/MatineeGroups/MAT_Groups_Move.uasset" 521
"../../../Engine/Content/EditorMaterials/MatineeGroups/MAT_Groups_Move.uexp" 522
"../../../Engine/Content/EditorMaterials/MatineeGroups/MAT_Groups_Float.uasset" 523
"../../../Engine/Content/EditorMaterials/MatineeGroups/MAT_Groups_Float.uexp" 524
"../../../Engine/Content/EditorMaterials/MatineeGroups/MAT_Groups_Fade.uasset" 525
"../../../Engine/Content/EditorMaterials/MatineeGroups/MAT_Groups_Fade.uexp" 526
"../../../Engine/Content/EditorMaterials/MatineeGroups/MAT_Groups_Event.uasset" 527
"../../../Engine/Content/EditorMaterials/MatineeGroups/MAT_Groups_Event.uexp" 528
"../../../Engine/Content/EditorMaterials/MatineeGroups/MAT_Groups_Director.uasset" 529
"../../../Engine/Content/EditorMaterials/MatineeGroups/MAT_Groups_Director.uexp" 530
"../../../Engine/Content/EditorMaterials/MatineeGroups/MAT_Groups_AudioMaster.uasset" 531
"../../../Engine/Content/EditorMaterials/MatineeGroups/MAT_Groups_AudioMaster.uexp" 532
"../../../Engine/Content/EditorMaterials/MatineeGroups/MAT_Groups_Anim.uasset" 533
"../../../Engine/Content/EditorMaterials/MatineeGroups/MAT_Groups_Anim.uexp" 534
"../../../Engine/Content/EditorMaterials/MatineeGroups/MAT_ColorTrack.uasset" 535
"../../../Engine/Content/EditorMaterials/MatineeGroups/MAT_ColorTrack.uexp" 536
"../../../Engine/Content/EditorLandscapeResources/DefaultAlphaTexture.uasset" 537
"../../../Engine/Content/EditorLandscapeResources/DefaultAlphaTexture.uexp" 538
"../../../Engine/Content/EditorLandscapeResources/DataLayer.uasset" 539
"../../../Engine/Content/EditorLandscapeResources/DataLayer.uexp" 540
"../../../Engine/Content/EngineMaterials/DefaultMaterial.uasset" 541
"../../../Engine/Content/EngineMaterials/DefaultMaterial.uexp" 542
"../../../Engine/Content/BasicShapes/Sphere.ubulk" 543
"../../../Engine/Content/BasicShapes/Sphere.uasset" 544
"../../../Engine/Content/BasicShapes/Sphere.uexp" 545
"../../../Engine/Content/BasicShapes/Plane.ubulk" 546
"../../../Engine/Content/BasicShapes/Plane.uasset" 547
"../../../Engine/Content/BasicShapes/Plane.uexp" 548
"../../../Engine/Content/BasicShapes/Cylinder.ubulk" 549
"../../../Engine/Content/BasicShapes/Cylinder.uasset" 550
"../../../Engine/Content/BasicShapes/Cylinder.uexp" 551
"../../../Engine/Content/BasicShapes/Cone.ubulk" 552
"../../../Engine/Content/BasicShapes/Cone.uasset" 553
"../../../Engine/Content/BasicShapes/Cone.uexp" 554
"../../../Engine/Content/ArtTools/RenderToTexture/Meshes/S_1_Unit_Plane.ubulk" 555
"../../../Engine/Content/ArtTools/RenderToTexture/Meshes/S_1_Unit_Plane.uasset" 556
"../../../Engine/Content/ArtTools/RenderToTexture/Meshes/S_1_Unit_Plane.uexp" 557
"../../../Engine/Plugins/Runtime/HairStrands/Content/Materials/HairMeshesDefaultMaterial.uasset" 558
"../../../Engine/Plugins/Runtime/HairStrands/Content/Materials/HairMeshesDefaultMaterial.uexp" 559
"../../../Engine/Plugins/Runtime/HairStrands/Content/Materials/HairDefaultMaterial.uasset" 560
"../../../Engine/Plugins/Runtime/HairStrands/Content/Materials/HairDefaultMaterial.uexp" 561
"../../../Engine/Plugins/Runtime/HairStrands/Content/Materials/HairGroupColors.uasset" 562
"../../../Engine/Plugins/Runtime/HairStrands/Content/Materials/HairGroupColors.uexp" 563
"../../../Engine/Content/EngineMaterials/HairColorMap.uasset" 564
"../../../Engine/Content/EngineMaterials/HairColorMap.uexp" 565
"../../../Engine/Content/EngineMaterials/HairDebugColor.uasset" 566
"../../../Engine/Content/EngineMaterials/HairDebugColor.uexp" 567
"../../../Engine/Plugins/Runtime/HairStrands/Content/Materials/HairDebugMaterial.uasset" 568
"../../../Engine/Plugins/Runtime/HairStrands/Content/Materials/HairDebugMaterial.uexp" 569
"../../../Engine/Plugins/Runtime/HairStrands/Content/Materials/HairCardsDefaultMaterial.uasset" 570
"../../../Engine/Plugins/Runtime/HairStrands/Content/Materials/HairCardsDefaultMaterial.uexp" 571
"../../../Engine/Content/Maps/Entry_BuiltData.uasset" 572
"../../../Engine/Content/Maps/Entry_BuiltData.uexp" 573
"../../../Engine/Content/Maps/Entry.uexp" 574
"../../../Engine/Content/Maps/Entry.umap" 575
"D:/Unreal Engine Projects/Multiplayer Shooter/MultiplayerTPS/Content/Maps/TransitionMap.uexp" 576
"D:/Unreal Engine Projects/Multiplayer Shooter/MultiplayerTPS/Content/Maps/TransitionMap.umap" 577
"../../../Engine/Content/EngineMaterials/BlendFunc_DefBlend.uasset" 578
"../../../Engine/Content/EngineMaterials/BlendFunc_DefBlend.uexp" 579
"../../../Engine/Content/EngineMaterials/BlendFunc_DefBase.uasset" 580
"../../../Engine/Content/EngineMaterials/BlendFunc_DefBase.uexp" 581
"../../../Engine/Content/Functions/Engine_MaterialFunctions03/Blends/Blend_Overlay.uasset" 582
"../../../Engine/Content/Functions/Engine_MaterialFunctions03/Blends/Blend_Overlay.uexp" 583
"../../../Engine/Content/OpenWorldTemplate/LandscapeMaterial/T_GridChecker_A.ubulk" 584
"../../../Engine/Content/OpenWorldTemplate/LandscapeMaterial/T_GridChecker_A.uasset" 585
"../../../Engine/Content/OpenWorldTemplate/LandscapeMaterial/T_GridChecker_A.uexp" 586
"../../../Engine/Content/Functions/Engine_MaterialFunctions01/Gradient/LinearGradient.uasset" 587
"../../../Engine/Content/Functions/Engine_MaterialFunctions01/Gradient/LinearGradient.uexp" 588
"../../../Engine/Content/Functions/Engine_MaterialFunctions01/ImageAdjustment/CheapContrast.uasset" 589
"../../../Engine/Content/Functions/Engine_MaterialFunctions01/ImageAdjustment/CheapContrast.uexp" 590
"../../../Engine/Content/OpenWorldTemplate/LandscapeMaterial/MF_ProcGrid.uasset" 591
"../../../Engine/Content/OpenWorldTemplate/LandscapeMaterial/MF_ProcGrid.uexp" 592
"../../../Engine/Content/OpenWorldTemplate/LandscapeMaterial/M_ProcGrid.uasset" 593
"../../../Engine/Content/OpenWorldTemplate/LandscapeMaterial/M_ProcGrid.uexp" 594
"../../../Engine/Content/OpenWorldTemplate/LandscapeMaterial/MI_ProcGrid.uasset" 595
"../../../Engine/Content/OpenWorldTemplate/LandscapeMaterial/MI_ProcGrid.uexp" 596
"../../../Engine/Content/EngineSky/T_Sky_Stars.ubulk" 597
"../../../Engine/Content/EngineSky/T_Sky_Stars.uasset" 598
"../../../Engine/Content/EngineSky/T_Sky_Stars.uexp" 599
"../../../Engine/Content/EngineSky/T_Sky_Clouds_M.ubulk" 600
"../../../Engine/Content/EngineSky/T_Sky_Clouds_M.uasset" 601
"../../../Engine/Content/EngineSky/T_Sky_Clouds_M.uexp" 602
"../../../Engine/Content/EngineSky/T_Sky_Blue.ubulk" 603
"../../../Engine/Content/EngineSky/T_Sky_Blue.uasset" 604
"../../../Engine/Content/EngineSky/T_Sky_Blue.uexp" 605
"../../../Engine/Content/EngineSky/M_Sky_Panning_Clouds2.uasset" 606
"../../../Engine/Content/EngineSky/M_Sky_Panning_Clouds2.uexp" 607
"../../../Engine/Content/EngineSky/SM_SkySphere.ubulk" 608
"../../../Engine/Content/EngineSky/SM_SkySphere.uasset" 609
"../../../Engine/Content/EngineSky/SM_SkySphere.uexp" 610
"../../../Engine/Content/BasicShapes/Cube.ubulk" 611
"../../../Engine/Content/BasicShapes/Cube.uasset" 612
"../../../Engine/Content/BasicShapes/Cube.uexp" 613
"../../../Engine/Content/MapTemplates/SM_Template_Map_Floor.ubulk" 614
"../../../Engine/Content/MapTemplates/SM_Template_Map_Floor.uasset" 615
"../../../Engine/Content/MapTemplates/SM_Template_Map_Floor.uexp" 616
"../../../Engine/Content/BasicShapes/BasicShapeMaterial.uasset" 617
"../../../Engine/Content/BasicShapes/BasicShapeMaterial.uexp" 618
"../../../Engine/Content/EngineSky/M_SimpleSkyDome.uasset" 619
"../../../Engine/Content/EngineSky/M_SimpleSkyDome.uexp" 620
"D:/Unreal Engine Projects/Multiplayer Shooter/MultiplayerTPS/Content/Man/Textures/Body/T_Man_Body_Metallic.ubulk" 621
"D:/Unreal Engine Projects/Multiplayer Shooter/MultiplayerTPS/Content/Man/Textures/Body/T_Man_Body_Metallic.uasset" 622
"D:/Unreal Engine Projects/Multiplayer Shooter/MultiplayerTPS/Content/Man/Textures/Body/T_Man_Body_Metallic.uexp" 623
"D:/Unreal Engine Projects/Multiplayer Shooter/MultiplayerTPS/Content/Man/Textures/Body/T_Man_Body_Albedo.ubulk" 624
"D:/Unreal Engine Projects/Multiplayer Shooter/MultiplayerTPS/Content/Man/Textures/Body/T_Man_Body_Albedo.uasset" 625
"D:/Unreal Engine Projects/Multiplayer Shooter/MultiplayerTPS/Content/Man/Textures/Body/T_Man_Body_Albedo.uexp" 626
"D:/Unreal Engine Projects/Multiplayer Shooter/MultiplayerTPS/Content/Man/Textures/Body/T_Man_Body_Ao.ubulk" 627
"D:/Unreal Engine Projects/Multiplayer Shooter/MultiplayerTPS/Content/Man/Textures/Body/T_Man_Body_Ao.uasset" 628
"D:/Unreal Engine Projects/Multiplayer Shooter/MultiplayerTPS/Content/Man/Textures/Body/T_Man_Body_Ao.uexp" 629
"D:/Unreal Engine Projects/Multiplayer Shooter/MultiplayerTPS/Content/Man/Textures/Body/T_Man_Body_Normals.ubulk" 630
"D:/Unreal Engine Projects/Multiplayer Shooter/MultiplayerTPS/Content/Man/Textures/Body/T_Man_Body_Normals.uasset" 631
"D:/Unreal Engine Projects/Multiplayer Shooter/MultiplayerTPS/Content/Man/Textures/Body/T_Man_Body_Normals.uexp" 632
"D:/Unreal Engine Projects/Multiplayer Shooter/MultiplayerTPS/Content/Man/Materials/M_MAn_Body.uasset" 633
"D:/Unreal Engine Projects/Multiplayer Shooter/MultiplayerTPS/Content/Man/Materials/M_MAn_Body.uexp" 634
"D:/Unreal Engine Projects/Multiplayer Shooter/MultiplayerTPS/Content/Man/Demo/Mesh/UE4_Mannequin_Skeleton.uasset" 635
"D:/Unreal Engine Projects/Multiplayer Shooter/MultiplayerTPS/Content/Man/Demo/Mesh/UE4_Mannequin_Skeleton.uexp" 636
"D:/Unreal Engine Projects/Multiplayer Shooter/MultiplayerTPS/Content/Man/Textures/Cloth/T_Man_Cloth_Down_Ao.ubulk" 637
"D:/Unreal Engine Projects/Multiplayer Shooter/MultiplayerTPS/Content/Man/Textures/Cloth/T_Man_Cloth_Down_Ao.uasset" 638
"D:/Unreal Engine Projects/Multiplayer Shooter/MultiplayerTPS/Content/Man/Textures/Cloth/T_Man_Cloth_Down_Ao.uexp" 639
"D:/Unreal Engine Projects/Multiplayer Shooter/MultiplayerTPS/Content/Man/Textures/Cloth/T_Man_Cloth_Down_Normals.ubulk" 640
"D:/Unreal Engine Projects/Multiplayer Shooter/MultiplayerTPS/Content/Man/Textures/Cloth/T_Man_Cloth_Down_Normals.uasset" 641
"D:/Unreal Engine Projects/Multiplayer Shooter/MultiplayerTPS/Content/Man/Textures/Cloth/T_Man_Cloth_Down_Normals.uexp" 642
"D:/Unreal Engine Projects/Multiplayer Shooter/MultiplayerTPS/Content/Man/Textures/Cloth/T_Man_Cloth_Down_Albedo_01.ubulk" 643
"D:/Unreal Engine Projects/Multiplayer Shooter/MultiplayerTPS/Content/Man/Textures/Cloth/T_Man_Cloth_Down_Albedo_01.uasset" 644
"D:/Unreal Engine Projects/Multiplayer Shooter/MultiplayerTPS/Content/Man/Textures/Cloth/T_Man_Cloth_Down_Albedo_01.uexp" 645
"D:/Unreal Engine Projects/Multiplayer Shooter/MultiplayerTPS/Content/Man/Textures/Cloth/T_Man_Cloth_Down_Metallic.ubulk" 646
"D:/Unreal Engine Projects/Multiplayer Shooter/MultiplayerTPS/Content/Man/Textures/Cloth/T_Man_Cloth_Down_Metallic.uasset" 647
"D:/Unreal Engine Projects/Multiplayer Shooter/MultiplayerTPS/Content/Man/Textures/Cloth/T_Man_Cloth_Down_Metallic.uexp" 648
"D:/Unreal Engine Projects/Multiplayer Shooter/MultiplayerTPS/Content/Man/Materials/M_Man_Cloth_Down_01.uasset" 649
"D:/Unreal Engine Projects/Multiplayer Shooter/MultiplayerTPS/Content/Man/Materials/M_Man_Cloth_Down_01.uexp" 650
"D:/Unreal Engine Projects/Multiplayer Shooter/MultiplayerTPS/Content/Man/Mesh/Full/SK_Man_Full_04_PhysicsAsset.uasset" 651
"D:/Unreal Engine Projects/Multiplayer Shooter/MultiplayerTPS/Content/Man/Mesh/Full/SK_Man_Full_04_PhysicsAsset.uexp" 652
"D:/Unreal Engine Projects/Multiplayer Shooter/MultiplayerTPS/Content/Man/Textures/Cloth/T_Man_Cloth_Up_Metallic.ubulk" 653
"D:/Unreal Engine Projects/Multiplayer Shooter/MultiplayerTPS/Content/Man/Textures/Cloth/T_Man_Cloth_Up_Metallic.uasset" 654
"D:/Unreal Engine Projects/Multiplayer Shooter/MultiplayerTPS/Content/Man/Textures/Cloth/T_Man_Cloth_Up_Metallic.uexp" 655
"D:/Unreal Engine Projects/Multiplayer Shooter/MultiplayerTPS/Content/Man/Textures/Cloth/T_Man_Cloth_Up_Normals.ubulk" 656
"D:/Unreal Engine Projects/Multiplayer Shooter/MultiplayerTPS/Content/Man/Textures/Cloth/T_Man_Cloth_Up_Normals.uasset" 657
"D:/Unreal Engine Projects/Multiplayer Shooter/MultiplayerTPS/Content/Man/Textures/Cloth/T_Man_Cloth_Up_Normals.uexp" 658
"D:/Unreal Engine Projects/Multiplayer Shooter/MultiplayerTPS/Content/Man/Textures/Cloth/T_Man_Cloth_Up_Ao.ubulk" 659
"D:/Unreal Engine Projects/Multiplayer Shooter/MultiplayerTPS/Content/Man/Textures/Cloth/T_Man_Cloth_Up_Ao.uasset" 660
"D:/Unreal Engine Projects/Multiplayer Shooter/MultiplayerTPS/Content/Man/Textures/Cloth/T_Man_Cloth_Up_Ao.uexp" 661
"D:/Unreal Engine Projects/Multiplayer Shooter/MultiplayerTPS/Content/Man/Textures/Cloth/T_Man_Cloth_Up_Albedo_01.ubulk" 662
"D:/Unreal Engine Projects/Multiplayer Shooter/MultiplayerTPS/Content/Man/Textures/Cloth/T_Man_Cloth_Up_Albedo_01.uasset" 663
"D:/Unreal Engine Projects/Multiplayer Shooter/MultiplayerTPS/Content/Man/Textures/Cloth/T_Man_Cloth_Up_Albedo_01.uexp" 664
"D:/Unreal Engine Projects/Multiplayer Shooter/MultiplayerTPS/Content/Man/Materials/M_Man_Cloth_Up_01.uasset" 665
"D:/Unreal Engine Projects/Multiplayer Shooter/MultiplayerTPS/Content/Man/Materials/M_Man_Cloth_Up_01.uexp" 666
"D:/Unreal Engine Projects/Multiplayer Shooter/MultiplayerTPS/Content/Man/Mesh/Full/SK_Man_Full_04.uasset" 667
"D:/Unreal Engine Projects/Multiplayer Shooter/MultiplayerTPS/Content/Man/Mesh/Full/SK_Man_Full_04.uexp" 668
"../../../Engine/Content/Animation/DefaultAnimCurveCompressionSettings.uasset" 669
"../../../Engine/Content/Animation/DefaultAnimCurveCompressionSettings.uexp" 670
"../../../Engine/Content/Animation/DefaultAnimBoneCompressionSettings.uasset" 671
"../../../Engine/Content/Animation/DefaultAnimBoneCompressionSettings.uexp" 672
"D:/Unreal Engine Projects/Multiplayer Shooter/MultiplayerTPS/Content/Man/Demo/Animations/ThirdPersonIdle.uasset" 673
"D:/Unreal Engine Projects/Multiplayer Shooter/MultiplayerTPS/Content/Man/Demo/Animations/ThirdPersonIdle.uexp" 674
"D:/Unreal Engine Projects/Multiplayer Shooter/MultiplayerTPS/Content/Man/Demo/Animations/ThirdPersonRun.uasset" 675
"D:/Unreal Engine Projects/Multiplayer Shooter/MultiplayerTPS/Content/Man/Demo/Animations/ThirdPersonRun.uexp" 676
"D:/Unreal Engine Projects/Multiplayer Shooter/MultiplayerTPS/Content/Man/Demo/Animations/ThirdPersonWalk.uasset" 677
"D:/Unreal Engine Projects/Multiplayer Shooter/MultiplayerTPS/Content/Man/Demo/Animations/ThirdPersonWalk.uexp" 678
"D:/Unreal Engine Projects/Multiplayer Shooter/MultiplayerTPS/Content/Blueprints/Animations/UnequippedIdleWalkRun.uasset" 679
"D:/Unreal Engine Projects/Multiplayer Shooter/MultiplayerTPS/Content/Blueprints/Animations/UnequippedIdleWalkRun.uexp" 680
"D:/Unreal Engine Projects/Multiplayer Shooter/MultiplayerTPS/Content/Man/Demo/Animations/ThirdPerson_Jump.uasset" 681
"D:/Unreal Engine Projects/Multiplayer Shooter/MultiplayerTPS/Content/Man/Demo/Animations/ThirdPerson_Jump.uexp" 682
"D:/Unreal Engine Projects/Multiplayer Shooter/MultiplayerTPS/Content/Man/Demo/Animations/ThirdPersonJump_Loop.uasset" 683
"D:/Unreal Engine Projects/Multiplayer Shooter/MultiplayerTPS/Content/Man/Demo/Animations/ThirdPersonJump_Loop.uexp" 684
"D:/Unreal Engine Projects/Multiplayer Shooter/MultiplayerTPS/Content/Blueprints/Animations/BP_CharacterAnimation.uasset" 685
"D:/Unreal Engine Projects/Multiplayer Shooter/MultiplayerTPS/Content/Blueprints/Animations/BP_CharacterAnimation.uexp" 686
"D:/Unreal Engine Projects/Multiplayer Shooter/MultiplayerTPS/Content/Blueprints/Characters/BP_BaseCharacter.uasset" 687
"D:/Unreal Engine Projects/Multiplayer Shooter/MultiplayerTPS/Content/Blueprints/Characters/BP_BaseCharacter.uexp" 688
"D:/Unreal Engine Projects/Multiplayer Shooter/MultiplayerTPS/Content/Blueprints/GameModes/BP_LobbyGameMode.uasset" 689
"D:/Unreal Engine Projects/Multiplayer Shooter/MultiplayerTPS/Content/Blueprints/GameModes/BP_LobbyGameMode.uexp" 690
"D:/Unreal Engine Projects/Multiplayer Shooter/MultiplayerTPS/Content/Maps/Lobby.uexp" 691
"D:/Unreal Engine Projects/Multiplayer Shooter/MultiplayerTPS/Content/Maps/Lobby.umap" 692
"D:/Unreal Engine Projects/Multiplayer Shooter/MultiplayerTPS/Plugins/MultiplayerSessions/Content/WBP_Menu.uasset" 693
"D:/Unreal Engine Projects/Multiplayer Shooter/MultiplayerTPS/Plugins/MultiplayerSessions/Content/WBP_Menu.uexp" 694
"D:/Unreal Engine Projects/Multiplayer Shooter/MultiplayerTPS/Content/Maps/GameStartupMap.uexp" 695
"D:/Unreal Engine Projects/Multiplayer Shooter/MultiplayerTPS/Content/Maps/GameStartupMap.umap" 696
"D:/Unreal Engine Projects/Multiplayer Shooter/MultiplayerTPS/Content/Blueprints/GameModes/BP_GameplayGameMode.uasset" 697
"D:/Unreal Engine Projects/Multiplayer Shooter/MultiplayerTPS/Content/Blueprints/GameModes/BP_GameplayGameMode.uexp" 698
"D:/Unreal Engine Projects/Multiplayer Shooter/MultiplayerTPS/Content/MilitaryWeapSilver/Weapons/Textures/Assault_Rifle_A_Norm.ubulk" 699
"D:/Unreal Engine Projects/Multiplayer Shooter/MultiplayerTPS/Content/MilitaryWeapSilver/Weapons/Textures/Assault_Rifle_A_Norm.uasset" 700
"D:/Unreal Engine Projects/Multiplayer Shooter/MultiplayerTPS/Content/MilitaryWeapSilver/Weapons/Textures/Assault_Rifle_A_Norm.uexp" 701
"D:/Unreal Engine Projects/Multiplayer Shooter/MultiplayerTPS/Content/MilitaryWeapSilver/Weapons/Textures/Assault_Rifle_A_Diff.ubulk" 702
"D:/Unreal Engine Projects/Multiplayer Shooter/MultiplayerTPS/Content/MilitaryWeapSilver/Weapons/Textures/Assault_Rifle_A_Diff.uasset" 703
"D:/Unreal Engine Projects/Multiplayer Shooter/MultiplayerTPS/Content/MilitaryWeapSilver/Weapons/Textures/Assault_Rifle_A_Diff.uexp" 704
"D:/Unreal Engine Projects/Multiplayer Shooter/MultiplayerTPS/Content/MilitaryWeapSilver/Weapons/Textures/Assault_Rifle_A_masks.ubulk" 705
"D:/Unreal Engine Projects/Multiplayer Shooter/MultiplayerTPS/Content/MilitaryWeapSilver/Weapons/Textures/Assault_Rifle_A_masks.uasset" 706
"D:/Unreal Engine Projects/Multiplayer Shooter/MultiplayerTPS/Content/MilitaryWeapSilver/Weapons/Textures/Assault_Rifle_A_masks.uexp" 707
"D:/Unreal Engine Projects/Multiplayer Shooter/MultiplayerTPS/Content/MilitaryWeapSilver/Weapons/Materials/M_WeaponMaster_01.uasset" 708
"D:/Unreal Engine Projects/Multiplayer Shooter/MultiplayerTPS/Content/MilitaryWeapSilver/Weapons/Materials/M_WeaponMaster_01.uexp" 709
"D:/Unreal Engine Projects/Multiplayer Shooter/MultiplayerTPS/Content/MilitaryWeapSilver/Weapons/Materials/M_AssaultRifle_01.uasset" 710
"D:/Unreal Engine Projects/Multiplayer Shooter/MultiplayerTPS/Content/MilitaryWeapSilver/Weapons/Materials/M_AssaultRifle_01.uexp" 711
"D:/Unreal Engine Projects/Multiplayer Shooter/MultiplayerTPS/Content/Maps/GameplayMap.uexp" 712
"D:/Unreal Engine Projects/Multiplayer Shooter/MultiplayerTPS/Content/Maps/GameplayMap.umap" 713
